<?xml version="1.0" encoding="UTF-8"?>
<testng-results total="1" passed="1" failed="0" skipped="0">
  <reporter-output>
  </reporter-output>
  <suite started-at="2022-01-23T07:44:43Z" name="Suite" finished-at="2022-01-23T07:45:51Z" duration-ms="67313">
    <groups>
      <group name="cucumber">
        <method signature="AbstractTestNGCucumberTests.feature(cucumber.api.testng.CucumberFeatureWrapper)[pri:0, instance:cucumberOptions.TestRunner@27ae2fd0]" name="feature" class="cucumber.api.testng.AbstractTestNGCucumberTests"/>
      </group> <!-- cucumber -->
    </groups>
    <test started-at="2022-01-23T07:44:43Z" name="Verfying Search Engine" finished-at="2022-01-23T07:45:51Z" duration-ms="67313">
      <class name="cucumberOptions.TestRunner">
        <test-method is-config="true" signature="setUpClass()[pri:0, instance:cucumberOptions.TestRunner@27ae2fd0]" started-at="2022-01-23T09:44:43Z" name="setUpClass" finished-at="2022-01-23T09:44:45Z" duration-ms="1383" status="PASS">
          <reporter-output>
          </reporter-output>
        </test-method> <!-- setUpClass -->
        <test-method signature="feature(cucumber.api.testng.CucumberFeatureWrapper)[pri:0, instance:cucumberOptions.TestRunner@27ae2fd0]" started-at="2022-01-23T09:44:45Z" name="feature" description="Runs Cucumber Feature" data-provider="features" finished-at="2022-01-23T09:45:51Z" duration-ms="65386" status="PASS">
          <params>
            <param index="0">
              <value>
                <![CDATA[]]>
              </value>
            </param>
          </params>
          <reporter-output>
          </reporter-output>
        </test-method> <!-- feature -->
        <test-method is-config="true" signature="tearDownClass()[pri:0, instance:cucumberOptions.TestRunner@27ae2fd0]" started-at="2022-01-23T09:45:51Z" name="tearDownClass" finished-at="2022-01-23T09:45:51Z" duration-ms="22" status="PASS">
          <reporter-output>
          </reporter-output>
        </test-method> <!-- tearDownClass -->
      </class> <!-- cucumberOptions.TestRunner -->
    </test> <!-- Verfying Search Engine -->
  </suite> <!-- Suite -->
</testng-results>
